#
# There is insufficient memory for the Java Runtime Environment to continue.
# Cannot create GC thread. Out of system resources.
# Possible reasons:
#   The system is out of physical RAM or swap space
#   In 32 bit mode, the process size limit was hit
# Possible solutions:
#   Reduce memory load on the system
#   Increase physical memory or swap space
#   Check if swap backing store is full
#   Use 64 bit Java on a 64 bit OS
#   Decrease Java heap size (-Xmx/-Xms)
#   Decrease number of Java threads
#   Decrease Java thread stack sizes (-Xss)
#   Set larger code cache with -XX:ReservedCodeCacheSize=
# This output file may be truncated or incomplete.
#
#  Out of Memory Error (gcTaskThread.cpp:48), pid=19552, tid=0x00007fc0861ae700
#
# JRE version:  (8.0_112-b06) (build )
# Java VM: OpenJDK 64-Bit Server VM (25.112-b6 mixed mode linux-amd64 compressed oops)
# Failed to write core dump. Core dumps have been disabled. To enable core dumping, try "ulimit -c unlimited" before starting Java again
#

---------------  T H R E A D  ---------------

Current thread (0x00007fc08000a000):  JavaThread "Unknown thread" [_thread_in_vm, id=19553, stack(0x00007fc0860ae000,0x00007fc0861af000)]

Stack: [0x00007fc0860ae000,0x00007fc0861af000],  sp=0x00007fc0861ad650,  free space=1021k
Native frames: (J=compiled Java code, j=interpreted, Vv=VM code, C=native code)
V  [libjvm.so+0xa325fe]  VMError::report_and_die()+0x14e
V  [libjvm.so+0x4d8889]  report_vm_out_of_memory(char const*, int, unsigned long, VMErrorType, char const*)+0x99
V  [libjvm.so+0x5a57c7]  GCTaskThread::GCTaskThread(GCTaskManager*, unsigned int, unsigned int)+0x157
V  [libjvm.so+0x5a471d]  GCTaskManager::initialize()+0x3ad
V  [libjvm.so+0x8c16ab]  ParallelScavengeHeap::initialize()+0x35b
V  [libjvm.so+0x9fd4c1]  Universe::initialize_heap()+0x101
V  [libjvm.so+0x9fe573]  universe_init()+0x33
V  [libjvm.so+0x6043f5]  init_globals()+0x55
V  [libjvm.so+0x9e4d47]  Threads::create_vm(JavaVMInitArgs*, bool*)+0x207
V  [libjvm.so+0x669324]  JNI_CreateJavaVM+0x74
C  [libjli.so+0x7217]  JavaMain+0x87
C  [libpthread.so.0+0x76ba]  start_thread+0xca


---------------  P R O C E S S  ---------------

Java Threads: ( => current thread )

Other Threads:

=>0x00007fc08000a000 (exited) JavaThread "Unknown thread" [_thread_in_vm, id=19553, stack(0x00007fc0860ae000,0x00007fc0861af000)]

VM state:not at safepoint (not fully initialized)

VM Mutex/Monitor currently owned by a thread: None

GC Heap History (0 events):
No events

Deoptimization events (0 events):
No events

Internal exceptions (0 events):
No events

Events (0 events):
No events


Dynamic libraries:
00400000-00401000 r-xp 00000000 08:02 47059734                           /home/jssec/Desktop/torProj/pycharm-2016.3.2/jre/jre/bin/java
00600000-00601000 rw-p 00000000 08:02 47059734                           /home/jssec/Desktop/torProj/pycharm-2016.3.2/jre/jre/bin/java
009a5000-009c6000 rw-p 00000000 00:00 0                                  [heap]
4cda00000-4ed200000 rw-p 00000000 00:00 0 
4ed200000-6c4900000 ---p 00000000 00:00 0 
6c4900000-6d4500000 rw-p 00000000 00:00 0 
6d4500000-7c0000000 ---p 00000000 00:00 0 
7fc06d3e7000-7fc06d75a000 rw-p 00000000 00:00 0 
7fc06d75a000-7fc06e616000 ---p 00000000 00:00 0 
7fc06e616000-7fc06e712000 rw-p 00000000 00:00 0 
7fc06e712000-7fc06f5cd000 ---p 00000000 00:00 0 
7fc06f5cd000-7fc06f64c000 rw-p 00000000 00:00 0 
7fc06f64c000-7fc06fda9000 ---p 00000000 00:00 0 
7fc06fda9000-7fc06fdb4000 rw-p 00000000 00:00 0 
7fc06fdb4000-7fc07016a000 ---p 00000000 00:00 0 
7fc07016a000-7fc0703da000 rwxp 00000000 00:00 0 
7fc0703da000-7fc07f16a000 ---p 00000000 00:00 0 
7fc07f16a000-7fc07f184000 r-xp 00000000 08:02 47059656                   /home/jssec/Desktop/torProj/pycharm-2016.3.2/jre/jre/lib/amd64/libzip.so
7fc07f184000-7fc07f383000 ---p 0001a000 08:02 47059656                   /home/jssec/Desktop/torProj/pycharm-2016.3.2/jre/jre/lib/amd64/libzip.so
7fc07f383000-7fc07f384000 rw-p 00019000 08:02 47059656                   /home/jssec/Desktop/torProj/pycharm-2016.3.2/jre/jre/lib/amd64/libzip.so
7fc07f384000-7fc07f38f000 r-xp 00000000 08:02 27266119                   /lib/x86_64-linux-gnu/libnss_files-2.23.so
7fc07f38f000-7fc07f58e000 ---p 0000b000 08:02 27266119                   /lib/x86_64-linux-gnu/libnss_files-2.23.so
7fc07f58e000-7fc07f58f000 r--p 0000a000 08:02 27266119                   /lib/x86_64-linux-gnu/libnss_files-2.23.so
7fc07f58f000-7fc07f590000 rw-p 0000b000 08:02 27266119                   /lib/x86_64-linux-gnu/libnss_files-2.23.so
7fc07f590000-7fc07f596000 rw-p 00000000 00:00 0 
7fc07f596000-7fc07f5a1000 r-xp 00000000 08:02 27266122                   /lib/x86_64-linux-gnu/libnss_nis-2.23.so
7fc07f5a1000-7fc07f7a0000 ---p 0000b000 08:02 27266122                   /lib/x86_64-linux-gnu/libnss_nis-2.23.so
7fc07f7a0000-7fc07f7a1000 r--p 0000a000 08:02 27266122                   /lib/x86_64-linux-gnu/libnss_nis-2.23.so
7fc07f7a1000-7fc07f7a2000 rw-p 0000b000 08:02 27266122                   /lib/x86_64-linux-gnu/libnss_nis-2.23.so
7fc07f7a2000-7fc07f7b8000 r-xp 00000000 08:02 27266114                   /lib/x86_64-linux-gnu/libnsl-2.23.so
7fc07f7b8000-7fc07f9b7000 ---p 00016000 08:02 27266114                   /lib/x86_64-linux-gnu/libnsl-2.23.so
7fc07f9b7000-7fc07f9b8000 r--p 00015000 08:02 27266114                   /lib/x86_64-linux-gnu/libnsl-2.23.so
7fc07f9b8000-7fc07f9b9000 rw-p 00016000 08:02 27266114                   /lib/x86_64-linux-gnu/libnsl-2.23.so
7fc07f9b9000-7fc07f9bb000 rw-p 00000000 00:00 0 
7fc07f9bb000-7fc07f9c3000 r-xp 00000000 08:02 27266128                   /lib/x86_64-linux-gnu/libnss_compat-2.23.so
7fc07f9c3000-7fc07fbc2000 ---p 00008000 08:02 27266128                   /lib/x86_64-linux-gnu/libnss_compat-2.23.so
7fc07fbc2000-7fc07fbc3000 r--p 00007000 08:02 27266128                   /lib/x86_64-linux-gnu/libnss_compat-2.23.so
7fc07fbc3000-7fc07fbc4000 rw-p 00008000 08:02 27266128                   /lib/x86_64-linux-gnu/libnss_compat-2.23.so
7fc07fbc4000-7fc07fbee000 r-xp 00000000 08:02 47059627                   /home/jssec/Desktop/torProj/pycharm-2016.3.2/jre/jre/lib/amd64/libjava.so
7fc07fbee000-7fc07fdee000 ---p 0002a000 08:02 47059627                   /home/jssec/Desktop/torProj/pycharm-2016.3.2/jre/jre/lib/amd64/libjava.so
7fc07fdee000-7fc07fdf0000 rw-p 0002a000 08:02 47059627                   /home/jssec/Desktop/torProj/pycharm-2016.3.2/jre/jre/lib/amd64/libjava.so
7fc07fdf0000-7fc07fdff000 r-xp 00000000 08:02 47059655                   /home/jssec/Desktop/torProj/pycharm-2016.3.2/jre/jre/lib/amd64/libverify.so
7fc07fdff000-7fc07fffe000 ---p 0000f000 08:02 47059655                   /home/jssec/Desktop/torProj/pycharm-2016.3.2/jre/jre/lib/amd64/libverify.so
7fc07fffe000-7fc080000000 rw-p 0000e000 08:02 47059655                   /home/jssec/Desktop/torProj/pycharm-2016.3.2/jre/jre/lib/amd64/libverify.so
7fc080000000-7fc080039000 rw-p 00000000 00:00 0 
7fc080039000-7fc084000000 ---p 00000000 00:00 0 
7fc08404d000-7fc08404e000 ---p 00000000 00:00 0 
7fc08404e000-7fc08414e000 rw-p 00000000 00:00 0 
7fc08414e000-7fc084155000 r-xp 00000000 08:02 27266124                   /lib/x86_64-linux-gnu/librt-2.23.so
7fc084155000-7fc084354000 ---p 00007000 08:02 27266124                   /lib/x86_64-linux-gnu/librt-2.23.so
7fc084354000-7fc084355000 r--p 00006000 08:02 27266124                   /lib/x86_64-linux-gnu/librt-2.23.so
7fc084355000-7fc084356000 rw-p 00007000 08:02 27266124                   /lib/x86_64-linux-gnu/librt-2.23.so
7fc084356000-7fc08445e000 r-xp 00000000 08:02 27266133                   /lib/x86_64-linux-gnu/libm-2.23.so
7fc08445e000-7fc08465d000 ---p 00108000 08:02 27266133                   /lib/x86_64-linux-gnu/libm-2.23.so
7fc08465d000-7fc08465e000 r--p 00107000 08:02 27266133                   /lib/x86_64-linux-gnu/libm-2.23.so
7fc08465e000-7fc08465f000 rw-p 00108000 08:02 27266133                   /lib/x86_64-linux-gnu/libm-2.23.so
7fc08465f000-7fc085295000 r-xp 00000000 08:02 47059660                   /home/jssec/Desktop/torProj/pycharm-2016.3.2/jre/jre/lib/amd64/server/libjvm.so
7fc085295000-7fc085494000 ---p 00c36000 08:02 47059660                   /home/jssec/Desktop/torProj/pycharm-2016.3.2/jre/jre/lib/amd64/server/libjvm.so
7fc085494000-7fc085563000 rw-p 00c35000 08:02 47059660                   /home/jssec/Desktop/torProj/pycharm-2016.3.2/jre/jre/lib/amd64/server/libjvm.so
7fc085563000-7fc0855a5000 rw-p 00000000 00:00 0 
7fc0855a5000-7fc085765000 r-xp 00000000 08:02 27266138                   /lib/x86_64-linux-gnu/libc-2.23.so
7fc085765000-7fc085965000 ---p 001c0000 08:02 27266138                   /lib/x86_64-linux-gnu/libc-2.23.so
7fc085965000-7fc085969000 r--p 001c0000 08:02 27266138                   /lib/x86_64-linux-gnu/libc-2.23.so
7fc085969000-7fc08596b000 rw-p 001c4000 08:02 27266138                   /lib/x86_64-linux-gnu/libc-2.23.so
7fc08596b000-7fc08596f000 rw-p 00000000 00:00 0 
7fc08596f000-7fc085972000 r-xp 00000000 08:02 27266127                   /lib/x86_64-linux-gnu/libdl-2.23.so
7fc085972000-7fc085b71000 ---p 00003000 08:02 27266127                   /lib/x86_64-linux-gnu/libdl-2.23.so
7fc085b71000-7fc085b72000 r--p 00002000 08:02 27266127                   /lib/x86_64-linux-gnu/libdl-2.23.so
7fc085b72000-7fc085b73000 rw-p 00003000 08:02 27266127                   /lib/x86_64-linux-gnu/libdl-2.23.so
7fc085b73000-7fc085b88000 r-xp 00000000 08:02 47059609                   /home/jssec/Desktop/torProj/pycharm-2016.3.2/jre/jre/lib/amd64/jli/libjli.so
7fc085b88000-7fc085d88000 ---p 00015000 08:02 47059609                   /home/jssec/Desktop/torProj/pycharm-2016.3.2/jre/jre/lib/amd64/jli/libjli.so
7fc085d88000-7fc085d89000 rw-p 00015000 08:02 47059609                   /home/jssec/Desktop/torProj/pycharm-2016.3.2/jre/jre/lib/amd64/jli/libjli.so
7fc085d89000-7fc085da1000 r-xp 00000000 08:02 27266121                   /lib/x86_64-linux-gnu/libpthread-2.23.so
7fc085da1000-7fc085fa0000 ---p 00018000 08:02 27266121                   /lib/x86_64-linux-gnu/libpthread-2.23.so
7fc085fa0000-7fc085fa1000 r--p 00017000 08:02 27266121                   /lib/x86_64-linux-gnu/libpthread-2.23.so
7fc085fa1000-7fc085fa2000 rw-p 00018000 08:02 27266121                   /lib/x86_64-linux-gnu/libpthread-2.23.so
7fc085fa2000-7fc085fa6000 rw-p 00000000 00:00 0 
7fc085fa6000-7fc085fcc000 r-xp 00000000 08:02 27266116                   /lib/x86_64-linux-gnu/ld-2.23.so
7fc0860ae000-7fc0860b1000 ---p 00000000 00:00 0 
7fc0860b1000-7fc0861b3000 rw-p 00000000 00:00 0 
7fc0861bf000-7fc0861c7000 rw-s 00000000 08:02 12845129                   /tmp/hsperfdata_jssec/19552
7fc0861c7000-7fc0861c8000 rw-p 00000000 00:00 0 
7fc0861c8000-7fc0861c9000 r--p 00000000 00:00 0 
7fc0861c9000-7fc0861cb000 rw-p 00000000 00:00 0 
7fc0861cb000-7fc0861cc000 r--p 00025000 08:02 27266116                   /lib/x86_64-linux-gnu/ld-2.23.so
7fc0861cc000-7fc0861cd000 rw-p 00026000 08:02 27266116                   /lib/x86_64-linux-gnu/ld-2.23.so
7fc0861cd000-7fc0861ce000 rw-p 00000000 00:00 0 
7fff1cbf5000-7fff1cc16000 rw-p 00000000 00:00 0                          [stack]
7fff1cc54000-7fff1cc56000 r--p 00000000 00:00 0                          [vvar]
7fff1cc56000-7fff1cc58000 r-xp 00000000 00:00 0                          [vdso]
ffffffffff600000-ffffffffff601000 r-xp 00000000 00:00 0                  [vsyscall]

VM Arguments:
java_command: org.jetbrains.git4idea.http.GitAskPassApp Password for 'https://fdabd43860d69c78e7a339d98e6202fae120fb78@github.com': 
java_class_path (initial): /home/jssec/Desktop/torProj/pycharm-2016.3.2/plugins/git4idea/lib/git4idea-rt.jar:/home/jssec/Desktop/torProj/pycharm-2016.3.2/lib/xmlrpc-2.0.jar:/home/jssec/Desktop/torProj/pycharm-2016.3.2/lib/commons-codec-1.9.jar:/home/jssec/Desktop/torProj/pycharm-2016.3.2/lib/util.jar
Launcher Type: SUN_STANDARD

Environment Variables:
PATH=/usr/lib/git-core:/usr/local/sbin:/usr/local/bin:/usr/sbin:/usr/bin:/sbin:/bin:/usr/games:/usr/local/games:/snap/bin
LD_LIBRARY_PATH=/home/jssec/Desktop/torProj/pycharm-2016.3.2/bin:
SHELL=/bin/bash
DISPLAY=:0

Signal Handlers:
SIGSEGV: [libjvm.so+0xa32fd0], sa_mask[0]=11111111011111111101111111111110, sa_flags=SA_RESTART|SA_SIGINFO
SIGBUS: [libjvm.so+0xa32fd0], sa_mask[0]=11111111011111111101111111111110, sa_flags=SA_RESTART|SA_SIGINFO
SIGFPE: [libjvm.so+0x89ec10], sa_mask[0]=11111111011111111101111111111110, sa_flags=SA_RESTART|SA_SIGINFO
SIGPIPE: [libjvm.so+0x89ec10], sa_mask[0]=11111111011111111101111111111110, sa_flags=SA_RESTART|SA_SIGINFO
SIGXFSZ: [libjvm.so+0x89ec10], sa_mask[0]=11111111011111111101111111111110, sa_flags=SA_RESTART|SA_SIGINFO
SIGILL: [libjvm.so+0x89ec10], sa_mask[0]=11111111011111111101111111111110, sa_flags=SA_RESTART|SA_SIGINFO
SIGUSR1: SIG_DFL, sa_mask[0]=00000000000000000000000000000000, sa_flags=none
SIGUSR2: [libjvm.so+0x8a02d0], sa_mask[0]=00100000000000000000000000000000, sa_flags=SA_RESTART|SA_SIGINFO
SIGHUP: SIG_DFL, sa_mask[0]=00000000000000000000000000000000, sa_flags=none
SIGINT: SIG_DFL, sa_mask[0]=00000000000000000000000000000000, sa_flags=none
SIGTERM: SIG_DFL, sa_mask[0]=00000000000000000000000000000000, sa_flags=none
SIGQUIT: SIG_DFL, sa_mask[0]=00000000000000000000000000000000, sa_flags=none


---------------  S Y S T E M  ---------------

OS:DISTRIB_ID=Ubuntu
DISTRIB_RELEASE=16.04
DISTRIB_CODENAME=xenial
DISTRIB_DESCRIPTION="Ubuntu 16.04 LTS"

uname:Linux 4.4.0-79-generic #100-Ubuntu SMP Wed May 17 19:58:14 UTC 2017 x86_64
libc:glibc 2.23 NPTL 2.23 
rlimit: STACK 8192k, CORE 0k, NPROC 191491, NOFILE 65536, AS infinity
load average:2.55 2.87 2.82

/proc/meminfo:
MemTotal:       49430716 kB
MemFree:        25194440 kB
MemAvailable:   32018820 kB
Buffers:          472024 kB
Cached:          6350508 kB
SwapCached:        23616 kB
Active:         20298520 kB
Inactive:        1839636 kB
Active(anon):   15148696 kB
Inactive(anon):   716264 kB
Active(file):    5149824 kB
Inactive(file):  1123372 kB
Unevictable:          32 kB
Mlocked:              32 kB
SwapTotal:      50300924 kB
SwapFree:       50064076 kB
Dirty:             15628 kB
Writeback:             0 kB
AnonPages:      15306632 kB
Mapped:           421776 kB
Shmem:            549056 kB
Slab:            1230408 kB
SReclaimable:    1016016 kB
SUnreclaim:       214392 kB
KernelStack:      204608 kB
PageTables:       322940 kB
NFS_Unstable:          0 kB
Bounce:                0 kB
WritebackTmp:          0 kB
CommitLimit:    75016280 kB
Committed_AS:   147813280 kB
VmallocTotal:   34359738367 kB
VmallocUsed:           0 kB
VmallocChunk:          0 kB
HardwareCorrupted:     0 kB
AnonHugePages:   5285888 kB
CmaTotal:              0 kB
CmaFree:               0 kB
HugePages_Total:       0
HugePages_Free:        0
HugePages_Rsvd:        0
HugePages_Surp:        0
Hugepagesize:       2048 kB
DirectMap4k:      357836 kB
DirectMap2M:    34215936 kB
DirectMap1G:    17825792 kB


CPU:total 24 (6 cores per cpu, 2 threads per core) family 6 model 62 stepping 4, cmov, cx8, fxsr, mmx, sse, sse2, sse3, ssse3, sse4.1, sse4.2, popcnt, avx, aes, clmul, erms, ht, tsc, tscinvbit

/proc/cpuinfo:
processor	: 0
vendor_id	: GenuineIntel
cpu family	: 6
model		: 62
model name	: Intel(R) Xeon(R) CPU E5-2630 v2 @ 2.60GHz
stepping	: 4
microcode	: 0x417
cpu MHz		: 2919.921
cache size	: 15360 KB
physical id	: 0
siblings	: 12
core id		: 0
cpu cores	: 6
apicid		: 0
initial apicid	: 0
fpu		: yes
fpu_exception	: yes
cpuid level	: 13
wp		: yes
flags		: fpu vme de pse tsc msr pae mce cx8 apic sep mtrr pge mca cmov pat pse36 clflush dts acpi mmx fxsr sse sse2 ss ht tm pbe syscall nx pdpe1gb rdtscp lm constant_tsc arch_perfmon pebs bts rep_good nopl xtopology nonstop_tsc aperfmperf eagerfpu pni pclmulqdq dtes64 monitor ds_cpl vmx smx est tm2 ssse3 cx16 xtpr pdcm pcid dca sse4_1 sse4_2 x2apic popcnt tsc_deadline_timer aes xsave avx f16c rdrand lahf_lm epb tpr_shadow vnmi flexpriority ept vpid fsgsbase smep erms xsaveopt dtherm ida arat pln pts
bugs		:
bogomips	: 5200.09
clflush size	: 64
cache_alignment	: 64
address sizes	: 46 bits physical, 48 bits virtual
power management:

processor	: 1
vendor_id	: GenuineIntel
cpu family	: 6
model		: 62
model name	: Intel(R) Xeon(R) CPU E5-2630 v2 @ 2.60GHz
stepping	: 4
microcode	: 0x417
cpu MHz		: 2947.953
cache size	: 15360 KB
physical id	: 0
siblings	: 12
core id		: 1
cpu cores	: 6
apicid		: 2
initial apicid	: 2
fpu		: yes
fpu_exception	: yes
cpuid level	: 13
wp		: yes
flags		: fpu vme de pse tsc msr pae mce cx8 apic sep mtrr pge mca cmov pat pse36 clflush dts acpi mmx fxsr sse sse2 ss ht tm pbe syscall nx pdpe1gb rdtscp lm constant_tsc arch_perfmon pebs bts rep_good nopl xtopology nonstop_tsc aperfmperf eagerfpu pni pclmulqdq dtes64 monitor ds_cpl vmx smx est tm2 ssse3 cx16 xtpr pdcm pcid dca sse4_1 sse4_2 x2apic popcnt tsc_deadline_timer aes xsave avx f16c rdrand lahf_lm epb tpr_shadow vnmi flexpriority ept vpid fsgsbase smep erms xsaveopt dtherm ida arat pln pts
bugs		:
bogomips	: 5200.09
clflush size	: 64
cache_alignment	: 64
address sizes	: 46 bits physical, 48 bits virtual
power management:

processor	: 2
vendor_id	: GenuineIntel
cpu family	: 6
model		: 62
model name	: Intel(R) Xeon(R) CPU E5-2630 v2 @ 2.60GHz
stepping	: 4
microcode	: 0x417
cpu MHz		: 2902.859
cache size	: 15360 KB
physical id	: 0
siblings	: 12
core id		: 2
cpu cores	: 6
apicid		: 4
initial apicid	: 4
fpu		: yes
fpu_exception	: yes
cpuid level	: 13
wp		: yes
flags		: fpu vme de pse tsc msr pae mce cx8 apic sep mtrr pge mca cmov pat pse36 clflush dts acpi mmx fxsr sse sse2 ss ht tm pbe syscall nx pdpe1gb rdtscp lm constant_tsc arch_perfmon pebs bts rep_good nopl xtopology nonstop_tsc aperfmperf eagerfpu pni pclmulqdq dtes64 monitor ds_cpl vmx smx est tm2 ssse3 cx16 xtpr pdcm pcid dca sse4_1 sse4_2 x2apic popcnt tsc_deadline_timer aes xsave avx f16c rdrand lahf_lm epb tpr_shadow vnmi flexpriority ept vpid fsgsbase smep erms xsaveopt dtherm ida arat pln pts
bugs		:
bogomips	: 5200.09
clflush size	: 64
cache_alignment	: 64
address sizes	: 46 bits physical, 48 bits virtual
power management:

processor	: 3
vendor_id	: GenuineIntel
cpu family	: 6
model		: 62
model name	: Intel(R) Xeon(R) CPU E5-2630 v2 @ 2.60GHz
stepping	: 4
microcode	: 0x417
cpu MHz		: 2900.015
cache size	: 15360 KB
physical id	: 0
siblings	: 12
core id		: 3
cpu cores	: 6
apicid		: 6
initial apicid	: 6
fpu		: yes
fpu_exception	: yes
cpuid level	: 13
wp		: yes
flags		: fpu vme de pse tsc msr pae mce cx8 apic sep mtrr pge mca cmov pat pse36 clflush dts acpi mmx fxsr sse sse2 ss ht tm pbe syscall nx pdpe1gb rdtscp lm constant_tsc arch_perfmon pebs bts rep_good nopl xtopology nonstop_tsc aperfmperf eagerfpu pni pclmulqdq dtes64 monitor ds_cpl vmx smx est tm2 ssse3 cx16 xtpr pdcm pcid dca sse4_1 sse4_2 x2apic popcnt tsc_deadline_timer aes xsave avx f16c rdrand lahf_lm epb tpr_shadow vnmi flexpriority ept vpid fsgsbase smep erms xsaveopt dtherm ida arat pln pts
bugs		:
bogomips	: 5200.09
clflush size	: 64
cache_alignment	: 64
address sizes	: 46 bits physical, 48 bits virtual
power management:

processor	: 4
vendor_id	: GenuineIntel
cpu family	: 6
model		: 62
model name	: Intel(R) Xeon(R) CPU E5-2630 v2 @ 2.60GHz
stepping	: 4
microcode	: 0x417
cpu MHz		: 2899.914
cache size	: 15360 KB
physical id	: 0
siblings	: 12
core id		: 4
cpu cores	: 6
apicid		: 8
initial apicid	: 8
fpu		: yes
fpu_exception	: yes
cpuid level	: 13
wp		: yes
flags		: fpu vme de pse tsc msr pae mce cx8 apic sep mtrr pge mca cmov pat pse36 clflush dts acpi mmx fxsr sse sse2 ss ht tm pbe syscall nx pdpe1gb rdtscp lm constant_tsc arch_perfmon pebs bts rep_good nopl xtopology nonstop_tsc aperfmperf eagerfpu pni pclmulqdq dtes64 monitor ds_cpl vmx smx est tm2 ssse3 cx16 xtpr pdcm pcid dca sse4_1 sse4_2 x2apic popcnt tsc_deadline_timer aes xsave avx f16c rdrand lahf_lm epb tpr_shadow vnmi flexpriority ept vpid fsgsbase smep erms xsaveopt dtherm ida arat pln pts
bugs		:
bogomips	: 5200.09
clflush size	: 64
cache_alignment	: 64
address sizes	: 46 bits physical, 48 bits virtual
power management:

processor	: 5
vendor_id	: GenuineIntel
cpu family	: 6
model		: 62
model name	: Intel(R) Xeon(R) CPU E5-2630 v2 @ 2.60GHz
stepping	: 4
microcode	: 0x417
cpu MHz		: 2919.210
cache size	: 15360 KB
physical id	: 0
siblings	: 12
core id		: 5
cpu cores	: 6
apicid		: 10
initial apicid	: 10
fpu		: yes
fpu_exception	: yes
cpuid level	: 13
wp		: yes
flags		: fpu vme de pse tsc msr pae mce cx8 apic sep mtrr pge mca cmov pat pse36 clflush dts acpi mmx fxsr sse sse2 ss ht tm pbe syscall nx pdpe1gb rdtscp lm constant_tsc arch_perfmon pebs bts rep_good nopl xtopology nonstop_tsc aperfmperf eagerfpu pni pclmulqdq dtes64 monitor ds_cpl vmx smx est tm2 ssse3 cx16 xtpr pdcm pcid dca sse4_1 sse4_2 x2apic popcnt tsc_deadline_timer aes xsave avx f16c rdrand lahf_lm epb tpr_shadow vnmi flexpriority ept vpid fsgsbase smep erms xsaveopt dtherm ida arat pln pts
bugs		:
bogomips	: 5200.09
clflush size	: 64
cache_alignment	: 64
address sizes	: 46 bits physical, 48 bits virtual
power management:

processor	: 6
vendor_id	: GenuineIntel
cpu family	: 6
model		: 62
model name	: Intel(R) Xeon(R) CPU E5-2630 v2 @ 2.60GHz
stepping	: 4
microcode	: 0x417
cpu MHz		: 2579.179
cache size	: 15360 KB
physical id	: 1
siblings	: 12
core id		: 0
cpu cores	: 6
apicid		: 32
initial apicid	: 32
fpu		: yes
fpu_exception	: yes
cpuid level	: 13
wp		: yes
flags		: fpu vme de pse tsc msr pae mce cx8 apic sep mtrr pge mca cmov pat pse36 clflush dts acpi mmx fxsr sse sse2 ss ht tm pbe syscall nx pdpe1gb rdtscp lm constant_tsc arch_perfmon pebs bts rep_good nopl xtopology nonstop_tsc aperfmperf eagerfpu pni pclmulqdq dtes64 monitor ds_cpl vmx smx est tm2 ssse3 cx16 xtpr pdcm pcid dca sse4_1 sse4_2 x2apic popcnt tsc_deadline_timer aes xsave avx f16c rdrand lahf_lm epb tpr_shadow vnmi flexpriority ept vpid fsgsbase smep erms xsaveopt dtherm ida arat pln pts
bugs		:
bogomips	: 5201.49
clflush size	: 64
cache_alignment	: 64
address sizes	: 46 bits physical, 48 bits virtual
power management:

processor	: 7
vendor_id	: GenuineIntel
cpu family	: 6
model		: 62
model name	: Intel(R) Xeon(R) CPU E5-2630 v2 @ 2.60GHz
stepping	: 4
microcode	: 0x417
cpu MHz		: 2465.125
cache size	: 15360 KB
physical id	: 1
siblings	: 12
core id		: 1
cpu cores	: 6
apicid		: 34
initial apicid	: 34
fpu		: yes
fpu_exception	: yes
cpuid level	: 13
wp		: yes
flags		: fpu vme de pse tsc msr pae mce cx8 apic sep mtrr pge mca cmov pat pse36 clflush dts acpi mmx fxsr sse sse2 ss ht tm pbe syscall nx pdpe1gb rdtscp lm constant_tsc arch_perfmon pebs bts rep_good nopl xtopology nonstop_tsc aperfmperf eagerfpu pni pclmulqdq dtes64 monitor ds_cpl vmx smx est tm2 ssse3 cx16 xtpr pdcm pcid dca sse4_1 sse4_2 x2apic popcnt tsc_deadline_timer aes xsave avx f16c rdrand lahf_lm epb tpr_shadow vnmi flexpriority ept vpid fsgsbase smep erms xsaveopt dtherm ida arat pln pts
bugs		:
bogomips	: 5201.49
clflush size	: 64
cache_alignment	: 64
address sizes	: 46 bits physical, 48 bits virtual
power management:

processor	: 8
vendor_id	: GenuineIntel
cpu family	: 6
model		: 62
model name	: Intel(R) Xeon(R) CPU E5-2630 v2 @ 2.60GHz
stepping	: 4
microcode	: 0x417
cpu MHz		: 2590.656
cache size	: 15360 KB
physical id	: 1
siblings	: 12
core id		: 2
cpu cores	: 6
apicid		: 36
initial apicid	: 36
fpu		: yes
fpu_exception	: yes
cpuid level	: 13
wp		: yes
flags		: fpu vme de pse tsc msr pae mce cx8 apic sep mtrr pge mca cmov pat pse36 clflush dts acpi mmx fxsr sse sse2 ss ht tm pbe syscall nx pdpe1gb rdtscp lm constant_tsc arch_perfmon pebs bts rep_good nopl xtopology nonstop_tsc aperfmperf eagerfpu pni pclmulqdq dtes64 monitor ds_cpl vmx smx est tm2 ssse3 cx16 xtpr pdcm pcid dca sse4_1 sse4_2 x2apic popcnt tsc_deadline_timer aes xsave avx f16c rdrand lahf_lm epb tpr_shadow vnmi flexpriority ept vpid fsgsbase smep erms xsaveopt dtherm ida arat pln pts
bugs		:
bogomips	: 5201.49
clflush size	: 64
cache_alignment	: 64
address sizes	: 46 bits physical, 48 bits virtual
power management:

processor	: 9
vendor_id	: GenuineIntel
cpu family	: 6
model		: 62
model name	: Intel(R) Xeon(R) CPU E5-2630 v2 @ 2.60GHz
stepping	: 4
microcode	: 0x417
cpu MHz		: 2210.710
cache size	: 15360 KB
physical id	: 1
siblings	: 12
core id		: 3
cpu cores	: 6
apicid		: 38
initial apicid	: 38
fpu		: yes
fpu_exception	: yes
cpuid level	: 13
wp		: yes
flags		: fpu vme de pse tsc msr pae mce cx8 apic sep mtrr pge mca cmov pat pse36 clflush dts acpi mmx fxsr sse sse2 ss ht tm pbe syscall nx pdpe1gb rdtscp lm constant_tsc arch_perfmon pebs bts rep_good nopl xtopology nonstop_tsc aperfmperf eagerfpu pni pclmulqdq dtes64 monitor ds_cpl vmx smx est tm2 ssse3 cx16 xtpr pdcm pcid dca sse4_1 sse4_2 x2apic popcnt tsc_deadline_timer aes xsave avx f16c rdrand lahf_lm epb tpr_shadow vnmi flexpriority ept vpid fsgsbase smep erms xsaveopt dtherm ida arat pln pts
bugs		:
bogomips	: 5201.49
clflush size	: 64
cache_alignment	: 64
address sizes	: 46 bits physical, 48 bits virtual
power management:

processor	: 10
vendor_id	: GenuineIntel
cpu family	: 6
model		: 62
model name	: Intel(R) Xeon(R) CPU E5-2630 v2 @ 2.60GHz
stepping	: 4
microcode	: 0x417
cpu MHz		: 2233.156
cache size	: 15360 KB
physical id	: 1
siblings	: 12
core id		: 4
cpu cores	: 6
apicid		: 40
initial apicid	: 40
fpu		: yes
fpu_exception	: yes
cpuid level	: 13
wp		: yes
flags		: fpu vme de pse tsc msr pae mce cx8 apic sep mtrr pge mca cmov pat pse36 clflush dts acpi mmx fxsr sse sse2 ss ht tm pbe syscall nx pdpe1gb rdtscp lm constant_tsc arch_perfmon pebs bts rep_good nopl xtopology nonstop_tsc aperfmperf eagerfpu pni pclmulqdq dtes64 monitor ds_cpl vmx smx est tm2 ssse3 cx16 xtpr pdcm pcid dca sse4_1 sse4_2 x2apic popcnt tsc_deadline_timer aes xsave avx f16c rdrand lahf_lm epb tpr_shadow vnmi flexpriority ept vpid fsgsbase smep erms xsaveopt dtherm ida arat pln pts
bugs		:
bogomips	: 5201.49
clflush size	: 64
cache_alignment	: 64
address sizes	: 46 bits physical, 48 bits virtual
power management:

processor	: 11
vendor_id	: GenuineIntel
cpu family	: 6
model		: 62
model name	: Intel(R) Xeon(R) CPU E5-2630 v2 @ 2.60GHz
stepping	: 4
microcode	: 0x417
cpu MHz		: 1606.820
cache size	: 15360 KB
physical id	: 1
siblings	: 12
core id		: 5
cpu cores	: 6
apicid		: 42
initial apicid	: 42
fpu		: yes
fpu_exception	: yes
cpuid level	: 13
wp		: yes
flags		: fpu vme de pse tsc msr pae mce cx8 apic sep mtrr pge mca cmov pat pse36 clflush dts acpi mmx fxsr sse sse2 ss ht tm pbe syscall nx pdpe1gb rdtscp lm constant_tsc arch_perfmon pebs bts rep_good nopl xtopology nonstop_tsc aperfmperf eagerfpu pni pclmulqdq dtes64 monitor ds_cpl vmx smx est tm2 ssse3 cx16 xtpr pdcm pcid dca sse4_1 sse4_2 x2apic popcnt tsc_deadline_timer aes xsave avx f16c rdrand lahf_lm epb tpr_shadow vnmi flexpriority ept vpid fsgsbase smep erms xsaveopt dtherm ida arat pln pts
bugs		:
bogomips	: 5201.49
clflush size	: 64
cache_alignment	: 64
address sizes	: 46 bits physical, 48 bits virtual
power management:

processor	: 12
vendor_id	: GenuineIntel
cpu family	: 6
model		: 62
model name	: Intel(R) Xeon(R) CPU E5-2630 v2 @ 2.60GHz
stepping	: 4
microcode	: 0x417
cpu MHz		: 2902.757
cache size	: 15360 KB
physical id	: 0
siblings	: 12
core id		: 0
cpu cores	: 6
apicid		: 1
initial apicid	: 1
fpu		: yes
fpu_exception	: yes
cpuid level	: 13
wp		: yes
flags		: fpu vme de pse tsc msr pae mce cx8 apic sep mtrr pge mca cmov pat pse36 clflush dts acpi mmx fxsr sse sse2 ss ht tm pbe syscall nx pdpe1gb rdtscp lm constant_tsc arch_perfmon pebs bts rep_good nopl xtopology nonstop_tsc aperfmperf eagerfpu pni pclmulqdq dtes64 monitor ds_cpl vmx smx est tm2 ssse3 cx16 xtpr pdcm pcid dca sse4_1 sse4_2 x2apic popcnt tsc_deadline_timer aes xsave avx f16c rdrand lahf_lm epb tpr_shadow vnmi flexpriority ept vpid fsgsbase smep erms xsaveopt dtherm ida arat pln pts
bugs		:
bogomips	: 5200.09
clflush size	: 64
cache_alignment	: 64
address sizes	: 46 bits physical, 48 bits virtual
power management:

processor	: 13
vendor_id	: GenuineIntel
cpu family	: 6
model		: 62
model name	: Intel(R) Xeon(R) CPU E5-2630 v2 @ 2.60GHz
stepping	: 4
microcode	: 0x417
cpu MHz		: 2909.359
cache size	: 15360 KB
physical id	: 0
siblings	: 12
core id		: 1
cpu cores	: 6
apicid		: 3
initial apicid	: 3
fpu		: yes
fpu_exception	: yes
cpuid level	: 13
wp		: yes
flags		: fpu vme de pse tsc msr pae mce cx8 apic sep mtrr pge mca cmov pat pse36 clflush dts acpi mmx fxsr sse sse2 ss ht tm pbe syscall nx pdpe1gb rdtscp lm constant_tsc arch_perfmon pebs bts rep_good nopl xtopology nonstop_tsc aperfmperf eagerfpu pni pclmulqdq dtes64 monitor ds_cpl vmx smx est tm2 ssse3 cx16 xtpr pdcm pcid dca sse4_1 sse4_2 x2apic popcnt tsc_deadline_timer aes xsave avx f16c rdrand lahf_lm epb tpr_shadow vnmi flexpriority ept vpid fsgsbase smep erms xsaveopt dtherm ida arat pln pts
bugs		:
bogomips	: 5200.09
clflush size	: 64
cache_alignment	: 64
address sizes	: 46 bits physical, 48 bits virtual
power management:

processor	: 14
vendor_id	: GenuineIntel
cpu family	: 6
model		: 62
model name	: Intel(R) Xeon(R) CPU E5-2630 v2 @ 2.60GHz
stepping	: 4
microcode	: 0x417
cpu MHz		: 2910.984
cache size	: 15360 KB
physical id	: 0
siblings	: 12
core id		: 2
cpu cores	: 6
apicid		: 5
initial apicid	: 5
fpu		: yes
fpu_exception	: yes
cpuid level	: 13
wp		: yes
flags		: fpu vme de pse tsc msr pae mce cx8 apic sep mtrr pge mca cmov pat pse36 clflush dts acpi mmx fxsr sse sse2 ss ht tm pbe syscall nx pdpe1gb rdtscp lm constant_tsc arch_perfmon pebs bts rep_good nopl xtopology nonstop_tsc aperfmperf eagerfpu pni pclmulqdq dtes64 monitor ds_cpl vmx smx est tm2 ssse3 cx16 xtpr pdcm pcid dca sse4_1 sse4_2 x2apic popcnt tsc_deadline_timer aes xsave avx f16c rdrand lahf_lm epb tpr_shadow vnmi flexpriority ept vpid fsgsbase smep erms xsaveopt dtherm ida arat pln pts
bugs		:
bogomips	: 5200.09
clflush size	: 64
cache_alignment	: 64
address sizes	: 46 bits physical, 48 bits virtual
power management:

processor	: 15
vendor_id	: GenuineIntel
cpu family	: 6
model		: 62
model name	: Intel(R) Xeon(R) CPU E5-2630 v2 @ 2.60GHz
stepping	: 4
microcode	: 0x417
cpu MHz		: 2903.062
cache size	: 15360 KB
physical id	: 0
siblings	: 12
core id		: 3
cpu cores	: 6
apicid		: 7
initial apicid	: 7
fpu		: yes
fpu_exception	: yes
cpuid level	: 13
wp		: yes
flags		: fpu vme de pse tsc msr pae mce cx8 apic sep mtrr pge mca cmov pat pse36 clflush dts acpi mmx fxsr sse sse2 ss ht tm pbe syscall nx pdpe1gb rdtscp lm constant_tsc arch_perfmon pebs bts rep_good nopl xtopology nonstop_tsc aperfmperf eagerfpu pni pclmulqdq dtes64 monitor ds_cpl vmx smx est tm2 ssse3 cx16 xtpr pdcm pcid dca sse4_1 sse4_2 x2apic popcnt tsc_deadline_timer aes xsave avx f16c rdrand lahf_lm epb tpr_shadow vnmi flexpriority ept vpid fsgsbase smep erms xsaveopt dtherm ida arat pln pts
bugs		:
bogomips	: 5200.09
clflush size	: 64
cache_alignment	: 64
address sizes	: 46 bits physical, 48 bits virtual
power management:

processor	: 16
vendor_id	: GenuineIntel
cpu family	: 6
model		: 62
model name	: Intel(R) Xeon(R) CPU E5-2630 v2 @ 2.60GHz
stepping	: 4
microcode	: 0x417
cpu MHz		: 2982.179
cache size	: 15360 KB
physical id	: 0
siblings	: 12
core id		: 4
cpu cores	: 6
apicid		: 9
initial apicid	: 9
fpu		: yes
fpu_exception	: yes
cpuid level	: 13
wp		: yes
flags		: fpu vme de pse tsc msr pae mce cx8 apic sep mtrr pge mca cmov pat pse36 clflush dts acpi mmx fxsr sse sse2 ss ht tm pbe syscall nx pdpe1gb rdtscp lm constant_tsc arch_perfmon pebs bts rep_good nopl xtopology nonstop_tsc aperfmperf eagerfpu pni pclmulqdq dtes64 monitor ds_cpl vmx smx est tm2 ssse3 cx16 xtpr pdcm pcid dca sse4_1 sse4_2 x2apic popcnt tsc_deadline_timer aes xsave avx f16c rdrand lahf_lm epb tpr_shadow vnmi flexpriority ept vpid fsgsbase smep erms xsaveopt dtherm ida arat pln pts
bugs		:
bogomips	: 5200.09
clflush size	: 64
cache_alignment	: 64
address sizes	: 46 bits physical, 48 bits virtual
power management:

processor	: 17
vendor_id	: GenuineIntel
cpu family	: 6
model		: 62
model name	: Intel(R) Xeon(R) CPU E5-2630 v2 @ 2.60GHz
stepping	: 4
microcode	: 0x417
cpu MHz		: 2900.320
cache size	: 15360 KB
physical id	: 0
siblings	: 12
core id		: 5
cpu cores	: 6
apicid		: 11
initial apicid	: 11
fpu		: yes
fpu_exception	: yes
cpuid level	: 13
wp		: yes
flags		: fpu vme de pse tsc msr pae mce cx8 apic sep mtrr pge mca cmov pat pse36 clflush dts acpi mmx fxsr sse sse2 ss ht tm pbe syscall nx pdpe1gb rdtscp lm constant_tsc arch_perfmon pebs bts rep_good nopl xtopology nonstop_tsc aperfmperf eagerfpu pni pclmulqdq dtes64 monitor ds_cpl vmx smx est tm2 ssse3 cx16 xtpr pdcm pcid dca sse4_1 sse4_2 x2apic popcnt tsc_deadline_timer aes xsave avx f16c rdrand lahf_lm epb tpr_shadow vnmi flexpriority ept vpid fsgsbase smep erms xsaveopt dtherm ida arat pln pts
bugs		:
bogomips	: 5200.09
clflush size	: 64
cache_alignment	: 64
address sizes	: 46 bits physical, 48 bits virtual
power management:

processor	: 18
vendor_id	: GenuineIntel
cpu family	: 6
model		: 62
model name	: Intel(R) Xeon(R) CPU E5-2630 v2 @ 2.60GHz
stepping	: 4
microcode	: 0x417
cpu MHz		: 2261.289
cache size	: 15360 KB
physical id	: 1
siblings	: 12
core id		: 0
cpu cores	: 6
apicid		: 33
initial apicid	: 33
fpu		: yes
fpu_exception	: yes
cpuid level	: 13
wp		: yes
flags		: fpu vme de pse tsc msr pae mce cx8 apic sep mtrr pge mca cmov pat pse36 clflush dts acpi mmx fxsr sse sse2 ss ht tm pbe syscall nx pdpe1gb rdtscp lm constant_tsc arch_perfmon pebs bts rep_good nopl xtopology nonstop_tsc aperfmperf eagerfpu pni pclmulqdq dtes64 monitor ds_cpl vmx smx est tm2 ssse3 cx16 xtpr pdcm pcid dca sse4_1 sse4_2 x2apic popcnt tsc_deadline_timer aes xsave avx f16c rdrand lahf_lm epb tpr_shadow vnmi flexpriority ept vpid fsgsbase smep erms xsaveopt dtherm ida arat pln pts
bugs		:
bogomips	: 5201.49
clflush size	: 64
cache_alignment	: 64
address sizes	: 46 bits physical, 48 bits virtual
power management:

processor	: 19
vendor_id	: GenuineIntel
cpu family	: 6
model		: 62
model name	: Intel(R) Xeon(R) CPU E5-2630 v2 @ 2.60GHz
stepping	: 4
microcode	: 0x417
cpu MHz		: 2590.656
cache size	: 15360 KB
physical id	: 1
siblings	: 12
core id		: 1
cpu cores	: 6
apicid		: 35
initial apicid	: 35
fpu		: yes
fpu_exception	: yes
cpuid level	: 13
wp		: yes
flags		: fpu vme de pse tsc msr pae mce cx8 apic sep mtrr pge mca cmov pat pse36 clflush dts acpi mmx fxsr sse sse2 ss ht tm pbe syscall nx pdpe1gb rdtscp lm constant_tsc arch_perfmon pebs bts rep_good nopl xtopology nonstop_tsc aperfmperf eagerfpu pni pclmulqdq dtes64 monitor ds_cpl vmx smx est tm2 ssse3 cx16 xtpr pdcm pcid dca sse4_1 sse4_2 x2apic popcnt tsc_deadline_timer aes xsave avx f16c rdrand lahf_lm epb tpr_shadow vnmi flexpriority ept vpid fsgsbase smep erms xsaveopt dtherm ida arat pln pts
bugs		:
bogomips	: 5201.49
clflush size	: 64
cache_alignment	: 64
address sizes	: 46 bits physical, 48 bits virtual
power management:

processor	: 20
vendor_id	: GenuineIntel
cpu family	: 6
model		: 62
model name	: Intel(R) Xeon(R) CPU E5-2630 v2 @ 2.60GHz
stepping	: 4
microcode	: 0x417
cpu MHz		: 1490.531
cache size	: 15360 KB
physical id	: 1
siblings	: 12
core id		: 2
cpu cores	: 6
apicid		: 37
initial apicid	: 37
fpu		: yes
fpu_exception	: yes
cpuid level	: 13
wp		: yes
flags		: fpu vme de pse tsc msr pae mce cx8 apic sep mtrr pge mca cmov pat pse36 clflush dts acpi mmx fxsr sse sse2 ss ht tm pbe syscall nx pdpe1gb rdtscp lm constant_tsc arch_perfmon pebs bts rep_good nopl xtopology nonstop_tsc aperfmperf eagerfpu pni pclmulqdq dtes64 monitor ds_cpl vmx smx est tm2 ssse3 cx16 xtpr pdcm pcid dca sse4_1 sse4_2 x2apic popcnt tsc_deadline_timer aes xsave avx f16c rdrand lahf_lm epb tpr_shadow vnmi flexpriority ept vpid fsgsbase smep erms xsaveopt dtherm ida arat pln pts
bugs		:
bogomips	: 5201.49
clflush size	: 64
cache_alignment	: 64
address sizes	: 46 bits physical, 48 bits virtual
power management:

processor	: 21
vendor_id	: GenuineIntel
cpu family	: 6
model		: 62
model name	: Intel(R) Xeon(R) CPU E5-2630 v2 @ 2.60GHz
stepping	: 4
microcode	: 0x417
cpu MHz		: 2312.882
cache size	: 15360 KB
physical id	: 1
siblings	: 12
core id		: 3
cpu cores	: 6
apicid		: 39
initial apicid	: 39
fpu		: yes
fpu_exception	: yes
cpuid level	: 13
wp		: yes
flags		: fpu vme de pse tsc msr pae mce cx8 apic sep mtrr pge mca cmov pat pse36 clflush dts acpi mmx fxsr sse sse2 ss ht tm pbe syscall nx pdpe1gb rdtscp lm constant_tsc arch_perfmon pebs bts rep_good nopl xtopology nonstop_tsc aperfmperf eagerfpu pni pclmulqdq dtes64 monitor ds_cpl vmx smx est tm2 ssse3 cx16 xtpr pdcm pcid dca sse4_1 sse4_2 x2apic popcnt tsc_deadline_timer aes xsave avx f16c rdrand lahf_lm epb tpr_shadow vnmi flexpriority ept vpid fsgsbase smep erms xsaveopt dtherm ida arat pln pts
bugs		:
bogomips	: 5201.49
clflush size	: 64
cache_alignment	: 64
address sizes	: 46 bits physical, 48 bits virtual
power management:

processor	: 22
vendor_id	: GenuineIntel
cpu family	: 6
model		: 62
model name	: Intel(R) Xeon(R) CPU E5-2630 v2 @ 2.60GHz
stepping	: 4
microcode	: 0x417
cpu MHz		: 2567.093
cache size	: 15360 KB
physical id	: 1
siblings	: 12
core id		: 4
cpu cores	: 6
apicid		: 41
initial apicid	: 41
fpu		: yes
fpu_exception	: yes
cpuid level	: 13
wp		: yes
flags		: fpu vme de pse tsc msr pae mce cx8 apic sep mtrr pge mca cmov pat pse36 clflush dts acpi mmx fxsr sse sse2 ss ht tm pbe syscall nx pdpe1gb rdtscp lm constant_tsc arch_perfmon pebs bts rep_good nopl xtopology nonstop_tsc aperfmperf eagerfpu pni pclmulqdq dtes64 monitor ds_cpl vmx smx est tm2 ssse3 cx16 xtpr pdcm pcid dca sse4_1 sse4_2 x2apic popcnt tsc_deadline_timer aes xsave avx f16c rdrand lahf_lm epb tpr_shadow vnmi flexpriority ept vpid fsgsbase smep erms xsaveopt dtherm ida arat pln pts
bugs		:
bogomips	: 5201.49
clflush size	: 64
cache_alignment	: 64
address sizes	: 46 bits physical, 48 bits virtual
power management:

processor	: 23
vendor_id	: GenuineIntel
cpu family	: 6
model		: 62
model name	: Intel(R) Xeon(R) CPU E5-2630 v2 @ 2.60GHz
stepping	: 4
microcode	: 0x417
cpu MHz		: 2600.507
cache size	: 15360 KB
physical id	: 1
siblings	: 12
core id		: 5
cpu cores	: 6
apicid		: 43
initial apicid	: 43
fpu		: yes
fpu_exception	: yes
cpuid level	: 13
wp		: yes
flags		: fpu vme de pse tsc msr pae mce cx8 apic sep mtrr pge mca cmov pat pse36 clflush dts acpi mmx fxsr sse sse2 ss ht tm pbe syscall nx pdpe1gb rdtscp lm constant_tsc arch_perfmon pebs bts rep_good nopl xtopology nonstop_tsc aperfmperf eagerfpu pni pclmulqdq dtes64 monitor ds_cpl vmx smx est tm2 ssse3 cx16 xtpr pdcm pcid dca sse4_1 sse4_2 x2apic popcnt tsc_deadline_timer aes xsave avx f16c rdrand lahf_lm epb tpr_shadow vnmi flexpriority ept vpid fsgsbase smep erms xsaveopt dtherm ida arat pln pts
bugs		:
bogomips	: 5201.49
clflush size	: 64
cache_alignment	: 64
address sizes	: 46 bits physical, 48 bits virtual
power management:



Memory: 4k page, physical 49430716k(25194440k free), swap 50300924k(50064076k free)

vm_info: OpenJDK 64-Bit Server VM (25.112-b6) for linux-amd64 JRE (1.8.0_112-release-408-b6), built on Nov 29 2016 12:47:06 by "root" with gcc 4.4.7 20120313 (Red Hat 4.4.7-16)

time: Fri Jul  7 16:41:27 2017
elapsed time: 0 seconds (0d 0h 0m 0s)

